[2021-04-01 17:36:29,713] DEBUG preRegister called. Server=com.sun.jmx.mbeanserver.JmxMBeanServer@a38d7a3, name=log4j:logger=kafka.controller (kafka.controller)
[2021-04-01 17:37:07,282] INFO [ControllerEventThread controllerId=0] Starting (kafka.controller.ControllerEventManager$ControllerEventThread)
[2021-04-01 17:37:07,300] INFO [Controller id=0] 0 successfully elected as the controller. Epoch incremented to 2 and epoch zk version is now 2 (kafka.controller.KafkaController)
[2021-04-01 17:37:07,302] INFO [Controller id=0] Registering handlers (kafka.controller.KafkaController)
[2021-04-01 17:37:07,304] INFO [Controller id=0] Deleting log dir event notifications (kafka.controller.KafkaController)
[2021-04-01 17:37:07,307] INFO [Controller id=0] Deleting isr change notifications (kafka.controller.KafkaController)
[2021-04-01 17:37:07,309] INFO [Controller id=0] Initializing controller context (kafka.controller.KafkaController)
[2021-04-01 17:37:07,315] INFO [Controller id=0] Initialized broker epochs cache: Map(0 -> 160) (kafka.controller.KafkaController)
[2021-04-01 17:37:07,323] DEBUG [Controller id=0] Register BrokerModifications handler for Set(0) (kafka.controller.KafkaController)
[2021-04-01 17:37:07,348] DEBUG [Channel manager on controller 0]: Controller 0 trying to connect to broker 0 (kafka.controller.ControllerChannelManager)
[2021-04-01 17:37:07,353] INFO [Controller id=0] Currently active brokers in the cluster: Set(0) (kafka.controller.KafkaController)
[2021-04-01 17:37:07,354] INFO [RequestSendThread controllerId=0] Starting (kafka.controller.RequestSendThread)
[2021-04-01 17:37:07,354] INFO [Controller id=0] Currently shutting brokers in the cluster: Set() (kafka.controller.KafkaController)
[2021-04-01 17:37:07,355] INFO [Controller id=0] Current list of topics in the cluster: Set(__consumer_offsets, quickstart-events) (kafka.controller.KafkaController)
[2021-04-01 17:37:07,355] INFO [Controller id=0] Fetching topic deletions in progress (kafka.controller.KafkaController)
[2021-04-01 17:37:07,362] INFO [Controller id=0] List of topics to be deleted: quickstart-events (kafka.controller.KafkaController)
[2021-04-01 17:37:07,362] INFO [Controller id=0] List of topics ineligible for deletion:  (kafka.controller.KafkaController)
[2021-04-01 17:37:07,362] INFO [Controller id=0] Initializing topic deletion manager (kafka.controller.KafkaController)
[2021-04-01 17:37:07,362] INFO [Topic Deletion Manager 0] Initializing manager with initial deletions: Set(quickstart-events), initial ineligible deletions: Set() (kafka.controller.TopicDeletionManager)
[2021-04-01 17:37:07,363] INFO [Controller id=0] Sending update metadata request (kafka.controller.KafkaController)
[2021-04-01 17:37:07,380] INFO [ReplicaStateMachine controllerId=0] Initializing replica state (kafka.controller.ZkReplicaStateMachine)
[2021-04-01 17:37:07,385] INFO [ReplicaStateMachine controllerId=0] Triggering online replica state changes (kafka.controller.ZkReplicaStateMachine)
[2021-04-01 17:37:07,388] INFO [RequestSendThread controllerId=0] Controller 0 connected to host.docker.internal:9092 (id: 0 rack: null) for sending state change requests (kafka.controller.RequestSendThread)
[2021-04-01 17:37:07,412] INFO [ReplicaStateMachine controllerId=0] Triggering offline replica state changes (kafka.controller.ZkReplicaStateMachine)
[2021-04-01 17:37:07,412] DEBUG [ReplicaStateMachine controllerId=0] Started replica state machine with initial state -> Map([Topic=__consumer_offsets,Partition=21,Replica=0] -> OnlineReplica, [Topic=__consumer_offsets,Partition=42,Replica=0] -> OnlineReplica, [Topic=__consumer_offsets,Partition=46,Replica=0] -> OnlineReplica, [Topic=__consumer_offsets,Partition=39,Replica=0] -> OnlineReplica, [Topic=__consumer_offsets,Partition=7,Replica=0] -> OnlineReplica, [Topic=__consumer_offsets,Partition=13,Replica=0] -> OnlineReplica, [Topic=__consumer_offsets,Partition=49,Replica=0] -> OnlineReplica, [Topic=__consumer_offsets,Partition=48,Replica=0] -> OnlineReplica, [Topic=__consumer_offsets,Partition=15,Replica=0] -> OnlineReplica, [Topic=__consumer_offsets,Partition=38,Replica=0] -> OnlineReplica, [Topic=__consumer_offsets,Partition=2,Replica=0] -> OnlineReplica, [Topic=__consumer_offsets,Partition=28,Replica=0] -> OnlineReplica, [Topic=__consumer_offsets,Partition=23,Replica=0] -> OnlineReplica, [Topic=__consumer_offsets,Partition=32,Replica=0] -> OnlineReplica, [Topic=__consumer_offsets,Partition=10,Replica=0] -> OnlineReplica, [Topic=__consumer_offsets,Partition=18,Replica=0] -> OnlineReplica, [Topic=__consumer_offsets,Partition=33,Replica=0] -> OnlineReplica, [Topic=__consumer_offsets,Partition=5,Replica=0] -> OnlineReplica, [Topic=__consumer_offsets,Partition=17,Replica=0] -> OnlineReplica, [Topic=__consumer_offsets,Partition=8,Replica=0] -> OnlineReplica, [Topic=__consumer_offsets,Partition=19,Replica=0] -> OnlineReplica, [Topic=__consumer_offsets,Partition=37,Replica=0] -> OnlineReplica, [Topic=__consumer_offsets,Partition=43,Replica=0] -> OnlineReplica, [Topic=__consumer_offsets,Partition=6,Replica=0] -> OnlineReplica, [Topic=__consumer_offsets,Partition=9,Replica=0] -> OnlineReplica, [Topic=__consumer_offsets,Partition=3,Replica=0] -> OnlineReplica, [Topic=__consumer_offsets,Partition=30,Replica=0] -> OnlineReplica, [Topic=__consumer_offsets,Partition=25,Replica=0] -> OnlineReplica, [Topic=__consumer_offsets,Partition=47,Replica=0] -> OnlineReplica, [Topic=__consumer_offsets,Partition=36,Replica=0] -> OnlineReplica, [Topic=__consumer_offsets,Partition=11,Replica=0] -> OnlineReplica, [Topic=__consumer_offsets,Partition=34,Replica=0] -> OnlineReplica, [Topic=__consumer_offsets,Partition=27,Replica=0] -> OnlineReplica, [Topic=__consumer_offsets,Partition=12,Replica=0] -> OnlineReplica, [Topic=__consumer_offsets,Partition=44,Replica=0] -> OnlineReplica, [Topic=__consumer_offsets,Partition=1,Replica=0] -> OnlineReplica, [Topic=__consumer_offsets,Partition=45,Replica=0] -> OnlineReplica, [Topic=__consumer_offsets,Partition=24,Replica=0] -> OnlineReplica, [Topic=__consumer_offsets,Partition=22,Replica=0] -> OnlineReplica, [Topic=__consumer_offsets,Partition=0,Replica=0] -> OnlineReplica, [Topic=__consumer_offsets,Partition=31,Replica=0] -> OnlineReplica, [Topic=__consumer_offsets,Partition=14,Replica=0] -> OnlineReplica, [Topic=__consumer_offsets,Partition=40,Replica=0] -> OnlineReplica, [Topic=__consumer_offsets,Partition=4,Replica=0] -> OnlineReplica, [Topic=__consumer_offsets,Partition=20,Replica=0] -> OnlineReplica, [Topic=__consumer_offsets,Partition=41,Replica=0] -> OnlineReplica, [Topic=__consumer_offsets,Partition=26,Replica=0] -> OnlineReplica, [Topic=quickstart-events,Partition=0,Replica=0] -> OnlineReplica, [Topic=__consumer_offsets,Partition=29,Replica=0] -> OnlineReplica, [Topic=__consumer_offsets,Partition=16,Replica=0] -> OnlineReplica, [Topic=__consumer_offsets,Partition=35,Replica=0] -> OnlineReplica) (kafka.controller.ZkReplicaStateMachine)
[2021-04-01 17:37:07,413] INFO [PartitionStateMachine controllerId=0] Initializing partition state (kafka.controller.ZkPartitionStateMachine)
[2021-04-01 17:37:07,416] INFO [PartitionStateMachine controllerId=0] Triggering online partition state changes (kafka.controller.ZkPartitionStateMachine)
[2021-04-01 17:37:07,418] DEBUG [PartitionStateMachine controllerId=0] Started partition state machine with initial state -> Map(__consumer_offsets-49 -> OnlinePartition, __consumer_offsets-38 -> OnlinePartition, __consumer_offsets-16 -> OnlinePartition, __consumer_offsets-27 -> OnlinePartition, __consumer_offsets-8 -> OnlinePartition, __consumer_offsets-19 -> OnlinePartition, quickstart-events-0 -> OfflinePartition, __consumer_offsets-13 -> OnlinePartition, __consumer_offsets-2 -> OnlinePartition, __consumer_offsets-46 -> OnlinePartition, __consumer_offsets-35 -> OnlinePartition, __consumer_offsets-24 -> OnlinePartition, __consumer_offsets-5 -> OnlinePartition, __consumer_offsets-43 -> OnlinePartition, __consumer_offsets-32 -> OnlinePartition, __consumer_offsets-21 -> OnlinePartition, __consumer_offsets-10 -> OnlinePartition, __consumer_offsets-37 -> OnlinePartition, __consumer_offsets-48 -> OnlinePartition, __consumer_offsets-40 -> OnlinePartition, __consumer_offsets-18 -> OnlinePartition, __consumer_offsets-29 -> OnlinePartition, __consumer_offsets-7 -> OnlinePartition, __consumer_offsets-23 -> OnlinePartition, __consumer_offsets-45 -> OnlinePartition, __consumer_offsets-34 -> OnlinePartition, __consumer_offsets-26 -> OnlinePartition, __consumer_offsets-4 -> OnlinePartition, __consumer_offsets-15 -> OnlinePartition, __consumer_offsets-42 -> OnlinePartition, __consumer_offsets-31 -> OnlinePartition, __consumer_offsets-9 -> OnlinePartition, __consumer_offsets-20 -> OnlinePartition, __consumer_offsets-12 -> OnlinePartition, __consumer_offsets-1 -> OnlinePartition, __consumer_offsets-28 -> OnlinePartition, __consumer_offsets-17 -> OnlinePartition, __consumer_offsets-6 -> OnlinePartition, __consumer_offsets-39 -> OnlinePartition, __consumer_offsets-44 -> OnlinePartition, __consumer_offsets-36 -> OnlinePartition, __consumer_offsets-47 -> OnlinePartition, __consumer_offsets-3 -> OnlinePartition, __consumer_offsets-25 -> OnlinePartition, __consumer_offsets-14 -> OnlinePartition, __consumer_offsets-30 -> OnlinePartition, __consumer_offsets-41 -> OnlinePartition, __consumer_offsets-33 -> OnlinePartition, __consumer_offsets-22 -> OnlinePartition, __consumer_offsets-11 -> OnlinePartition, __consumer_offsets-0 -> OnlinePartition) (kafka.controller.ZkPartitionStateMachine)
[2021-04-01 17:37:07,419] INFO [Controller id=0] Ready to serve as the new controller with epoch 2 (kafka.controller.KafkaController)
[2021-04-01 17:37:07,420] INFO [Topic Deletion Manager 0] Handling deletion for topics quickstart-events (kafka.controller.TopicDeletionManager)
[2021-04-01 17:37:07,421] INFO [Topic Deletion Manager 0] Deletion of topic quickstart-events (re)started (kafka.controller.TopicDeletionManager)
[2021-04-01 17:37:07,460] INFO [Controller id=0] Partitions undergoing preferred replica election:  (kafka.controller.KafkaController)
[2021-04-01 17:37:07,461] INFO [Controller id=0] Partitions that completed preferred replica election:  (kafka.controller.KafkaController)
[2021-04-01 17:37:07,461] INFO [Controller id=0] Skipping preferred replica election for partitions due to topic deletion:  (kafka.controller.KafkaController)
[2021-04-01 17:37:07,461] INFO [Controller id=0] Resuming preferred replica election for partitions:  (kafka.controller.KafkaController)
[2021-04-01 17:37:07,462] INFO [Controller id=0] Starting replica leader election (PREFERRED) for partitions  triggered by ZkTriggered (kafka.controller.KafkaController)
[2021-04-01 17:37:07,469] INFO [Controller id=0] Starting the controller scheduler (kafka.controller.KafkaController)
[2021-04-01 17:37:07,674] DEBUG [Controller id=0] Delete topic callback invoked on StopReplica response received from broker 0: request error = NONE, partition errors = Map(quickstart-events-0 -> KAFKA_STORAGE_ERROR) (kafka.controller.KafkaController)
[2021-04-01 17:37:07,675] DEBUG [Topic Deletion Manager 0] Deletion failed for replicas [Topic=quickstart-events,Partition=0,Replica=0]. Halting deletion for topics Set(quickstart-events) (kafka.controller.TopicDeletionManager)
[2021-04-01 17:37:07,676] INFO [Topic Deletion Manager 0] Halted deletion of topics quickstart-events due to replica deletion failure (kafka.controller.TopicDeletionManager)
[2021-04-01 17:37:07,677] INFO [Topic Deletion Manager 0] Handling deletion for topics quickstart-events (kafka.controller.TopicDeletionManager)
[2021-04-01 17:37:07,677] DEBUG [Topic Deletion Manager 0] Retrying deletion of topics quickstart-events since replicas [Topic=quickstart-events,Partition=0,Replica=0] were not successfully deleted (kafka.controller.TopicDeletionManager)
[2021-04-01 17:37:40,943] INFO [ControllerEventThread controllerId=0] Starting (kafka.controller.ControllerEventManager$ControllerEventThread)
[2021-04-01 17:37:40,957] INFO [Controller id=0] 0 successfully elected as the controller. Epoch incremented to 3 and epoch zk version is now 3 (kafka.controller.KafkaController)
[2021-04-01 17:37:40,959] INFO [Controller id=0] Registering handlers (kafka.controller.KafkaController)
[2021-04-01 17:37:40,962] INFO [Controller id=0] Deleting log dir event notifications (kafka.controller.KafkaController)
[2021-04-01 17:37:40,964] INFO [Controller id=0] Deleting isr change notifications (kafka.controller.KafkaController)
[2021-04-01 17:37:40,966] INFO [Controller id=0] Initializing controller context (kafka.controller.KafkaController)
[2021-04-01 17:37:40,972] INFO [Controller id=0] Initialized broker epochs cache: Map(0 -> 181) (kafka.controller.KafkaController)
[2021-04-01 17:37:40,980] DEBUG [Controller id=0] Register BrokerModifications handler for Set(0) (kafka.controller.KafkaController)
[2021-04-01 17:37:41,002] DEBUG [Channel manager on controller 0]: Controller 0 trying to connect to broker 0 (kafka.controller.ControllerChannelManager)
[2021-04-01 17:37:41,009] INFO [RequestSendThread controllerId=0] Starting (kafka.controller.RequestSendThread)
[2021-04-01 17:37:41,010] INFO [Controller id=0] Currently active brokers in the cluster: Set(0) (kafka.controller.KafkaController)
[2021-04-01 17:37:41,010] INFO [Controller id=0] Currently shutting brokers in the cluster: Set() (kafka.controller.KafkaController)
[2021-04-01 17:37:41,010] INFO [Controller id=0] Current list of topics in the cluster: Set(__consumer_offsets, quickstart-events) (kafka.controller.KafkaController)
[2021-04-01 17:37:41,010] INFO [Controller id=0] Fetching topic deletions in progress (kafka.controller.KafkaController)
[2021-04-01 17:37:41,016] INFO [Controller id=0] List of topics to be deleted: quickstart-events (kafka.controller.KafkaController)
[2021-04-01 17:37:41,016] INFO [Controller id=0] List of topics ineligible for deletion:  (kafka.controller.KafkaController)
[2021-04-01 17:37:41,017] INFO [Controller id=0] Initializing topic deletion manager (kafka.controller.KafkaController)
[2021-04-01 17:37:41,017] INFO [Topic Deletion Manager 0] Initializing manager with initial deletions: Set(quickstart-events), initial ineligible deletions: Set() (kafka.controller.TopicDeletionManager)
[2021-04-01 17:37:41,019] INFO [Controller id=0] Sending update metadata request (kafka.controller.KafkaController)
[2021-04-01 17:37:41,035] INFO [ReplicaStateMachine controllerId=0] Initializing replica state (kafka.controller.ZkReplicaStateMachine)
[2021-04-01 17:37:41,040] INFO [ReplicaStateMachine controllerId=0] Triggering online replica state changes (kafka.controller.ZkReplicaStateMachine)
[2021-04-01 17:37:41,042] INFO [RequestSendThread controllerId=0] Controller 0 connected to host.docker.internal:9092 (id: 0 rack: null) for sending state change requests (kafka.controller.RequestSendThread)
[2021-04-01 17:37:41,063] INFO [ReplicaStateMachine controllerId=0] Triggering offline replica state changes (kafka.controller.ZkReplicaStateMachine)
[2021-04-01 17:37:41,063] DEBUG [ReplicaStateMachine controllerId=0] Started replica state machine with initial state -> Map([Topic=__consumer_offsets,Partition=21,Replica=0] -> OnlineReplica, [Topic=__consumer_offsets,Partition=42,Replica=0] -> OnlineReplica, [Topic=__consumer_offsets,Partition=46,Replica=0] -> OnlineReplica, [Topic=__consumer_offsets,Partition=39,Replica=0] -> OnlineReplica, [Topic=__consumer_offsets,Partition=7,Replica=0] -> OnlineReplica, [Topic=__consumer_offsets,Partition=13,Replica=0] -> OnlineReplica, [Topic=__consumer_offsets,Partition=49,Replica=0] -> OnlineReplica, [Topic=__consumer_offsets,Partition=48,Replica=0] -> OnlineReplica, [Topic=__consumer_offsets,Partition=15,Replica=0] -> OnlineReplica, [Topic=__consumer_offsets,Partition=38,Replica=0] -> OnlineReplica, [Topic=__consumer_offsets,Partition=2,Replica=0] -> OnlineReplica, [Topic=__consumer_offsets,Partition=28,Replica=0] -> OnlineReplica, [Topic=__consumer_offsets,Partition=23,Replica=0] -> OnlineReplica, [Topic=__consumer_offsets,Partition=32,Replica=0] -> OnlineReplica, [Topic=__consumer_offsets,Partition=10,Replica=0] -> OnlineReplica, [Topic=__consumer_offsets,Partition=18,Replica=0] -> OnlineReplica, [Topic=__consumer_offsets,Partition=33,Replica=0] -> OnlineReplica, [Topic=__consumer_offsets,Partition=5,Replica=0] -> OnlineReplica, [Topic=__consumer_offsets,Partition=17,Replica=0] -> OnlineReplica, [Topic=__consumer_offsets,Partition=8,Replica=0] -> OnlineReplica, [Topic=__consumer_offsets,Partition=19,Replica=0] -> OnlineReplica, [Topic=__consumer_offsets,Partition=37,Replica=0] -> OnlineReplica, [Topic=__consumer_offsets,Partition=43,Replica=0] -> OnlineReplica, [Topic=__consumer_offsets,Partition=6,Replica=0] -> OnlineReplica, [Topic=__consumer_offsets,Partition=9,Replica=0] -> OnlineReplica, [Topic=__consumer_offsets,Partition=3,Replica=0] -> OnlineReplica, [Topic=__consumer_offsets,Partition=30,Replica=0] -> OnlineReplica, [Topic=__consumer_offsets,Partition=25,Replica=0] -> OnlineReplica, [Topic=__consumer_offsets,Partition=47,Replica=0] -> OnlineReplica, [Topic=__consumer_offsets,Partition=36,Replica=0] -> OnlineReplica, [Topic=__consumer_offsets,Partition=11,Replica=0] -> OnlineReplica, [Topic=__consumer_offsets,Partition=34,Replica=0] -> OnlineReplica, [Topic=__consumer_offsets,Partition=27,Replica=0] -> OnlineReplica, [Topic=__consumer_offsets,Partition=12,Replica=0] -> OnlineReplica, [Topic=__consumer_offsets,Partition=44,Replica=0] -> OnlineReplica, [Topic=__consumer_offsets,Partition=1,Replica=0] -> OnlineReplica, [Topic=__consumer_offsets,Partition=45,Replica=0] -> OnlineReplica, [Topic=__consumer_offsets,Partition=24,Replica=0] -> OnlineReplica, [Topic=__consumer_offsets,Partition=22,Replica=0] -> OnlineReplica, [Topic=__consumer_offsets,Partition=0,Replica=0] -> OnlineReplica, [Topic=__consumer_offsets,Partition=31,Replica=0] -> OnlineReplica, [Topic=__consumer_offsets,Partition=14,Replica=0] -> OnlineReplica, [Topic=__consumer_offsets,Partition=40,Replica=0] -> OnlineReplica, [Topic=__consumer_offsets,Partition=4,Replica=0] -> OnlineReplica, [Topic=__consumer_offsets,Partition=20,Replica=0] -> OnlineReplica, [Topic=__consumer_offsets,Partition=41,Replica=0] -> OnlineReplica, [Topic=__consumer_offsets,Partition=26,Replica=0] -> OnlineReplica, [Topic=quickstart-events,Partition=0,Replica=0] -> OnlineReplica, [Topic=__consumer_offsets,Partition=29,Replica=0] -> OnlineReplica, [Topic=__consumer_offsets,Partition=16,Replica=0] -> OnlineReplica, [Topic=__consumer_offsets,Partition=35,Replica=0] -> OnlineReplica) (kafka.controller.ZkReplicaStateMachine)
[2021-04-01 17:37:41,064] INFO [PartitionStateMachine controllerId=0] Initializing partition state (kafka.controller.ZkPartitionStateMachine)
[2021-04-01 17:37:41,068] INFO [PartitionStateMachine controllerId=0] Triggering online partition state changes (kafka.controller.ZkPartitionStateMachine)
[2021-04-01 17:37:41,070] DEBUG [PartitionStateMachine controllerId=0] Started partition state machine with initial state -> Map(__consumer_offsets-49 -> OnlinePartition, __consumer_offsets-38 -> OnlinePartition, __consumer_offsets-16 -> OnlinePartition, __consumer_offsets-27 -> OnlinePartition, __consumer_offsets-8 -> OnlinePartition, __consumer_offsets-19 -> OnlinePartition, quickstart-events-0 -> OfflinePartition, __consumer_offsets-13 -> OnlinePartition, __consumer_offsets-2 -> OnlinePartition, __consumer_offsets-46 -> OnlinePartition, __consumer_offsets-35 -> OnlinePartition, __consumer_offsets-24 -> OnlinePartition, __consumer_offsets-5 -> OnlinePartition, __consumer_offsets-43 -> OnlinePartition, __consumer_offsets-32 -> OnlinePartition, __consumer_offsets-21 -> OnlinePartition, __consumer_offsets-10 -> OnlinePartition, __consumer_offsets-37 -> OnlinePartition, __consumer_offsets-48 -> OnlinePartition, __consumer_offsets-40 -> OnlinePartition, __consumer_offsets-18 -> OnlinePartition, __consumer_offsets-29 -> OnlinePartition, __consumer_offsets-7 -> OnlinePartition, __consumer_offsets-23 -> OnlinePartition, __consumer_offsets-45 -> OnlinePartition, __consumer_offsets-34 -> OnlinePartition, __consumer_offsets-26 -> OnlinePartition, __consumer_offsets-4 -> OnlinePartition, __consumer_offsets-15 -> OnlinePartition, __consumer_offsets-42 -> OnlinePartition, __consumer_offsets-31 -> OnlinePartition, __consumer_offsets-9 -> OnlinePartition, __consumer_offsets-20 -> OnlinePartition, __consumer_offsets-12 -> OnlinePartition, __consumer_offsets-1 -> OnlinePartition, __consumer_offsets-28 -> OnlinePartition, __consumer_offsets-17 -> OnlinePartition, __consumer_offsets-6 -> OnlinePartition, __consumer_offsets-39 -> OnlinePartition, __consumer_offsets-44 -> OnlinePartition, __consumer_offsets-36 -> OnlinePartition, __consumer_offsets-47 -> OnlinePartition, __consumer_offsets-3 -> OnlinePartition, __consumer_offsets-25 -> OnlinePartition, __consumer_offsets-14 -> OnlinePartition, __consumer_offsets-30 -> OnlinePartition, __consumer_offsets-41 -> OnlinePartition, __consumer_offsets-33 -> OnlinePartition, __consumer_offsets-22 -> OnlinePartition, __consumer_offsets-11 -> OnlinePartition, __consumer_offsets-0 -> OnlinePartition) (kafka.controller.ZkPartitionStateMachine)
[2021-04-01 17:37:41,070] INFO [Controller id=0] Ready to serve as the new controller with epoch 3 (kafka.controller.KafkaController)
[2021-04-01 17:37:41,072] INFO [Topic Deletion Manager 0] Handling deletion for topics quickstart-events (kafka.controller.TopicDeletionManager)
[2021-04-01 17:37:41,073] INFO [Topic Deletion Manager 0] Deletion of topic quickstart-events (re)started (kafka.controller.TopicDeletionManager)
[2021-04-01 17:37:41,106] INFO [Controller id=0] Partitions undergoing preferred replica election:  (kafka.controller.KafkaController)
[2021-04-01 17:37:41,106] INFO [Controller id=0] Partitions that completed preferred replica election:  (kafka.controller.KafkaController)
[2021-04-01 17:37:41,106] INFO [Controller id=0] Skipping preferred replica election for partitions due to topic deletion:  (kafka.controller.KafkaController)
[2021-04-01 17:37:41,106] INFO [Controller id=0] Resuming preferred replica election for partitions:  (kafka.controller.KafkaController)
[2021-04-01 17:37:41,107] INFO [Controller id=0] Starting replica leader election (PREFERRED) for partitions  triggered by ZkTriggered (kafka.controller.KafkaController)
[2021-04-01 17:37:41,113] INFO [Controller id=0] Starting the controller scheduler (kafka.controller.KafkaController)
[2021-04-01 17:37:41,286] DEBUG [Controller id=0] Delete topic callback invoked on StopReplica response received from broker 0: request error = NONE, partition errors = Map(quickstart-events-0 -> KAFKA_STORAGE_ERROR) (kafka.controller.KafkaController)
[2021-04-01 17:37:41,287] DEBUG [Topic Deletion Manager 0] Deletion failed for replicas [Topic=quickstart-events,Partition=0,Replica=0]. Halting deletion for topics Set(quickstart-events) (kafka.controller.TopicDeletionManager)
[2021-04-01 17:37:41,288] INFO [Topic Deletion Manager 0] Halted deletion of topics quickstart-events due to replica deletion failure (kafka.controller.TopicDeletionManager)
[2021-04-01 17:37:41,288] INFO [Topic Deletion Manager 0] Handling deletion for topics quickstart-events (kafka.controller.TopicDeletionManager)
[2021-04-01 17:37:41,288] DEBUG [Topic Deletion Manager 0] Retrying deletion of topics quickstart-events since replicas [Topic=quickstart-events,Partition=0,Replica=0] were not successfully deleted (kafka.controller.TopicDeletionManager)
[2021-04-01 17:42:07,251] DEBUG preRegister called. Server=com.sun.jmx.mbeanserver.JmxMBeanServer@a38d7a3, name=log4j:logger=kafka.controller (kafka.controller)
[2021-04-01 17:42:47,397] INFO [ControllerEventThread controllerId=0] Starting (kafka.controller.ControllerEventManager$ControllerEventThread)
[2021-04-01 17:42:47,413] INFO [Controller id=0] 0 successfully elected as the controller. Epoch incremented to 1 and epoch zk version is now 1 (kafka.controller.KafkaController)
[2021-04-01 17:42:47,424] INFO [Controller id=0] Creating FeatureZNode at path: /feature with contents: FeatureZNode(Enabled,Features{}) (kafka.controller.KafkaController)
[2021-04-01 17:42:47,496] INFO [Controller id=0] Registering handlers (kafka.controller.KafkaController)
[2021-04-01 17:42:47,499] INFO [Controller id=0] Deleting log dir event notifications (kafka.controller.KafkaController)
[2021-04-01 17:42:47,502] INFO [Controller id=0] Deleting isr change notifications (kafka.controller.KafkaController)
[2021-04-01 17:42:47,507] INFO [Controller id=0] Initializing controller context (kafka.controller.KafkaController)
[2021-04-01 17:42:47,525] INFO [Controller id=0] Initialized broker epochs cache: Map(0 -> 24) (kafka.controller.KafkaController)
[2021-04-01 17:42:47,529] DEBUG [Controller id=0] Register BrokerModifications handler for Set(0) (kafka.controller.KafkaController)
[2021-04-01 17:42:47,540] DEBUG [Channel manager on controller 0]: Controller 0 trying to connect to broker 0 (kafka.controller.ControllerChannelManager)
[2021-04-01 17:42:47,549] INFO [RequestSendThread controllerId=0] Starting (kafka.controller.RequestSendThread)
[2021-04-01 17:42:47,549] INFO [Controller id=0] Currently active brokers in the cluster: Set(0) (kafka.controller.KafkaController)
[2021-04-01 17:42:47,550] INFO [Controller id=0] Currently shutting brokers in the cluster: Set() (kafka.controller.KafkaController)
[2021-04-01 17:42:47,550] INFO [Controller id=0] Current list of topics in the cluster: Set() (kafka.controller.KafkaController)
[2021-04-01 17:42:47,550] INFO [Controller id=0] Fetching topic deletions in progress (kafka.controller.KafkaController)
[2021-04-01 17:42:47,556] INFO [Controller id=0] List of topics to be deleted:  (kafka.controller.KafkaController)
[2021-04-01 17:42:47,557] INFO [Controller id=0] List of topics ineligible for deletion:  (kafka.controller.KafkaController)
[2021-04-01 17:42:47,557] INFO [Controller id=0] Initializing topic deletion manager (kafka.controller.KafkaController)
[2021-04-01 17:42:47,557] INFO [Topic Deletion Manager 0] Initializing manager with initial deletions: Set(), initial ineligible deletions: Set() (kafka.controller.TopicDeletionManager)
[2021-04-01 17:42:47,558] INFO [Controller id=0] Sending update metadata request (kafka.controller.KafkaController)
[2021-04-01 17:42:47,574] INFO [ReplicaStateMachine controllerId=0] Initializing replica state (kafka.controller.ZkReplicaStateMachine)
[2021-04-01 17:42:47,574] INFO [ReplicaStateMachine controllerId=0] Triggering online replica state changes (kafka.controller.ZkReplicaStateMachine)
[2021-04-01 17:42:47,583] INFO [ReplicaStateMachine controllerId=0] Triggering offline replica state changes (kafka.controller.ZkReplicaStateMachine)
[2021-04-01 17:42:47,583] DEBUG [ReplicaStateMachine controllerId=0] Started replica state machine with initial state -> Map() (kafka.controller.ZkReplicaStateMachine)
[2021-04-01 17:42:47,587] INFO [PartitionStateMachine controllerId=0] Initializing partition state (kafka.controller.ZkPartitionStateMachine)
[2021-04-01 17:42:47,590] INFO [PartitionStateMachine controllerId=0] Triggering online partition state changes (kafka.controller.ZkPartitionStateMachine)
[2021-04-01 17:42:47,593] INFO [RequestSendThread controllerId=0] Controller 0 connected to host.docker.internal:9092 (id: 0 rack: null) for sending state change requests (kafka.controller.RequestSendThread)
[2021-04-01 17:42:47,594] DEBUG [PartitionStateMachine controllerId=0] Started partition state machine with initial state -> Map() (kafka.controller.ZkPartitionStateMachine)
[2021-04-01 17:42:47,594] INFO [Controller id=0] Ready to serve as the new controller with epoch 1 (kafka.controller.KafkaController)
[2021-04-01 17:42:47,602] INFO [Controller id=0] Partitions undergoing preferred replica election:  (kafka.controller.KafkaController)
[2021-04-01 17:42:47,603] INFO [Controller id=0] Partitions that completed preferred replica election:  (kafka.controller.KafkaController)
[2021-04-01 17:42:47,603] INFO [Controller id=0] Skipping preferred replica election for partitions due to topic deletion:  (kafka.controller.KafkaController)
[2021-04-01 17:42:47,603] INFO [Controller id=0] Resuming preferred replica election for partitions:  (kafka.controller.KafkaController)
[2021-04-01 17:42:47,604] INFO [Controller id=0] Starting replica leader election (PREFERRED) for partitions  triggered by ZkTriggered (kafka.controller.KafkaController)
[2021-04-01 17:42:47,623] INFO [Controller id=0] Starting the controller scheduler (kafka.controller.KafkaController)
[2021-04-01 17:42:52,635] INFO [Controller id=0] Processing automatic preferred replica leader election (kafka.controller.KafkaController)
[2021-04-01 17:42:52,635] TRACE [Controller id=0] Checking need to trigger auto leader balancing (kafka.controller.KafkaController)
[2021-04-01 17:47:52,643] INFO [Controller id=0] Processing automatic preferred replica leader election (kafka.controller.KafkaController)
[2021-04-01 17:47:52,644] TRACE [Controller id=0] Checking need to trigger auto leader balancing (kafka.controller.KafkaController)
[2021-04-01 17:52:52,653] INFO [Controller id=0] Processing automatic preferred replica leader election (kafka.controller.KafkaController)
[2021-04-01 17:52:52,653] TRACE [Controller id=0] Checking need to trigger auto leader balancing (kafka.controller.KafkaController)
