[2021-04-09 00:23:11,494] INFO Starting the log cleaner (kafka.log.LogCleaner)
[2021-04-09 00:23:11,536] INFO [kafka-log-cleaner-thread-0]: Starting (kafka.log.LogCleaner)
[2021-04-09 00:27:40,434] INFO Starting the log cleaner (kafka.log.LogCleaner)
[2021-04-09 00:27:40,479] INFO [kafka-log-cleaner-thread-0]: Starting (kafka.log.LogCleaner)
[2021-04-09 01:03:09,381] INFO Starting the log cleaner (kafka.log.LogCleaner)
[2021-04-09 01:03:09,428] INFO [kafka-log-cleaner-thread-0]: Starting (kafka.log.LogCleaner)
[2021-04-09 01:03:10,490] INFO Shutting down the log cleaner. (kafka.log.LogCleaner)
[2021-04-09 01:03:10,499] INFO [kafka-log-cleaner-thread-0]: Shutting down (kafka.log.LogCleaner)
[2021-04-09 01:03:10,499] INFO [kafka-log-cleaner-thread-0]: Stopped (kafka.log.LogCleaner)
[2021-04-09 01:03:10,499] INFO [kafka-log-cleaner-thread-0]: Shutdown completed (kafka.log.LogCleaner)
[2021-04-09 01:03:42,834] INFO Starting the log cleaner (kafka.log.LogCleaner)
[2021-04-09 01:03:42,881] INFO [kafka-log-cleaner-thread-0]: Starting (kafka.log.LogCleaner)
[2021-04-09 01:09:30,897] INFO Shutting down the log cleaner. (kafka.log.LogCleaner)
[2021-04-09 01:09:30,897] INFO [kafka-log-cleaner-thread-0]: Shutting down (kafka.log.LogCleaner)
[2021-04-09 01:09:30,897] INFO [kafka-log-cleaner-thread-0]: Stopped (kafka.log.LogCleaner)
[2021-04-09 01:09:30,897] INFO [kafka-log-cleaner-thread-0]: Shutdown completed (kafka.log.LogCleaner)
[2021-04-09 01:10:16,380] INFO Starting the log cleaner (kafka.log.LogCleaner)
[2021-04-09 01:10:16,430] INFO [kafka-log-cleaner-thread-0]: Starting (kafka.log.LogCleaner)
[2021-04-09 01:14:08,573] INFO Shutting down the log cleaner. (kafka.log.LogCleaner)
[2021-04-09 01:14:08,573] INFO [kafka-log-cleaner-thread-0]: Shutting down (kafka.log.LogCleaner)
[2021-04-09 01:14:08,573] INFO [kafka-log-cleaner-thread-0]: Stopped (kafka.log.LogCleaner)
[2021-04-09 01:14:08,573] INFO [kafka-log-cleaner-thread-0]: Shutdown completed (kafka.log.LogCleaner)
[2021-04-09 01:14:51,815] INFO Starting the log cleaner (kafka.log.LogCleaner)
[2021-04-09 01:14:51,860] INFO [kafka-log-cleaner-thread-0]: Starting (kafka.log.LogCleaner)
[2021-04-09 01:16:08,066] INFO Shutting down the log cleaner. (kafka.log.LogCleaner)
[2021-04-09 01:16:08,066] INFO [kafka-log-cleaner-thread-0]: Shutting down (kafka.log.LogCleaner)
[2021-04-09 01:16:08,066] INFO [kafka-log-cleaner-thread-0]: Stopped (kafka.log.LogCleaner)
[2021-04-09 01:16:08,066] INFO [kafka-log-cleaner-thread-0]: Shutdown completed (kafka.log.LogCleaner)
[2021-04-09 01:17:23,912] INFO Starting the log cleaner (kafka.log.LogCleaner)
[2021-04-09 01:17:23,960] INFO [kafka-log-cleaner-thread-0]: Starting (kafka.log.LogCleaner)
[2021-04-09 01:49:21,509] INFO Shutting down the log cleaner. (kafka.log.LogCleaner)
[2021-04-09 01:49:21,509] INFO [kafka-log-cleaner-thread-0]: Shutting down (kafka.log.LogCleaner)
[2021-04-09 01:49:21,510] INFO [kafka-log-cleaner-thread-0]: Stopped (kafka.log.LogCleaner)
[2021-04-09 01:49:21,510] INFO [kafka-log-cleaner-thread-0]: Shutdown completed (kafka.log.LogCleaner)
[2021-04-09 01:59:28,075] INFO Starting the log cleaner (kafka.log.LogCleaner)
[2021-04-09 01:59:28,122] INFO [kafka-log-cleaner-thread-0]: Starting (kafka.log.LogCleaner)
[2021-04-09 13:02:16,406] INFO Starting the log cleaner (kafka.log.LogCleaner)
[2021-04-09 13:02:16,502] INFO [kafka-log-cleaner-thread-0]: Starting (kafka.log.LogCleaner)
[2021-04-09 19:08:59,382] INFO Starting the log cleaner (kafka.log.LogCleaner)
[2021-04-09 19:08:59,442] INFO [kafka-log-cleaner-thread-0]: Starting (kafka.log.LogCleaner)
