[2021-04-06 11:53:38,167] INFO Reading configuration from: config/zookeeper.properties (org.apache.zookeeper.server.quorum.QuorumPeerConfig)
[2021-04-06 11:53:38,169] WARN config\zookeeper.properties is relative. Prepend .\ to indicate that you're sure! (org.apache.zookeeper.server.quorum.QuorumPeerConfig)
[2021-04-06 11:53:38,170] WARN \tmp\zookeeper is relative. Prepend .\ to indicate that you're sure! (org.apache.zookeeper.server.quorum.QuorumPeerConfig)
[2021-04-06 11:53:38,177] INFO clientPortAddress is 0.0.0.0:2181 (org.apache.zookeeper.server.quorum.QuorumPeerConfig)
[2021-04-06 11:53:38,177] INFO secureClientPort is not set (org.apache.zookeeper.server.quorum.QuorumPeerConfig)
[2021-04-06 11:53:38,180] INFO autopurge.snapRetainCount set to 3 (org.apache.zookeeper.server.DatadirCleanupManager)
[2021-04-06 11:53:38,180] INFO autopurge.purgeInterval set to 0 (org.apache.zookeeper.server.DatadirCleanupManager)
[2021-04-06 11:53:38,180] INFO Purge task is not scheduled. (org.apache.zookeeper.server.DatadirCleanupManager)
[2021-04-06 11:53:38,180] WARN Either no config or no quorum defined in config, running  in standalone mode (org.apache.zookeeper.server.quorum.QuorumPeerMain)
[2021-04-06 11:53:38,184] INFO Log4j 1.2 jmx support found and enabled. (org.apache.zookeeper.jmx.ManagedUtil)
[2021-04-06 11:53:38,196] INFO Reading configuration from: config/zookeeper.properties (org.apache.zookeeper.server.quorum.QuorumPeerConfig)
[2021-04-06 11:53:38,196] WARN config\zookeeper.properties is relative. Prepend .\ to indicate that you're sure! (org.apache.zookeeper.server.quorum.QuorumPeerConfig)
[2021-04-06 11:53:38,197] WARN \tmp\zookeeper is relative. Prepend .\ to indicate that you're sure! (org.apache.zookeeper.server.quorum.QuorumPeerConfig)
[2021-04-06 11:53:38,197] INFO clientPortAddress is 0.0.0.0:2181 (org.apache.zookeeper.server.quorum.QuorumPeerConfig)
[2021-04-06 11:53:38,197] INFO secureClientPort is not set (org.apache.zookeeper.server.quorum.QuorumPeerConfig)
[2021-04-06 11:53:38,197] INFO Starting server (org.apache.zookeeper.server.ZooKeeperServerMain)
[2021-04-06 11:53:38,200] INFO zookeeper.snapshot.trust.empty : false (org.apache.zookeeper.server.persistence.FileTxnSnapLog)
[2021-04-06 11:53:38,211] INFO Server environment:zookeeper.version=3.5.8-f439ca583e70862c3068a1f2a7d4d068eec33315, built on 05/04/2020 15:53 GMT (org.apache.zookeeper.server.ZooKeeperServer)
[2021-04-06 11:53:38,211] INFO Server environment:host.name=DESKTOP-ARFC5LS (org.apache.zookeeper.server.ZooKeeperServer)
[2021-04-06 11:53:38,211] INFO Server environment:java.version=11.0.10 (org.apache.zookeeper.server.ZooKeeperServer)
[2021-04-06 11:53:38,211] INFO Server environment:java.vendor=Oracle Corporation (org.apache.zookeeper.server.ZooKeeperServer)
[2021-04-06 11:53:38,211] INFO Server environment:java.home=C:\Program Files\Java\jdk-11.0.10 (org.apache.zookeeper.server.ZooKeeperServer)
[2021-04-06 11:53:38,212] INFO Server environment:java.class.path=C:\Users\i\Desktop\multi_work\kafka\libs\activation-1.1.1.jar;C:\Users\i\Desktop\multi_work\kafka\libs\aopalliance-repackaged-2.6.1.jar;C:\Users\i\Desktop\multi_work\kafka\libs\argparse4j-0.7.0.jar;C:\Users\i\Desktop\multi_work\kafka\libs\audience-annotations-0.5.0.jar;C:\Users\i\Desktop\multi_work\kafka\libs\commons-cli-1.4.jar;C:\Users\i\Desktop\multi_work\kafka\libs\commons-lang3-3.8.1.jar;C:\Users\i\Desktop\multi_work\kafka\libs\connect-api-2.7.0.jar;C:\Users\i\Desktop\multi_work\kafka\libs\connect-basic-auth-extension-2.7.0.jar;C:\Users\i\Desktop\multi_work\kafka\libs\connect-file-2.7.0.jar;C:\Users\i\Desktop\multi_work\kafka\libs\connect-json-2.7.0.jar;C:\Users\i\Desktop\multi_work\kafka\libs\connect-mirror-2.7.0.jar;C:\Users\i\Desktop\multi_work\kafka\libs\connect-mirror-client-2.7.0.jar;C:\Users\i\Desktop\multi_work\kafka\libs\connect-runtime-2.7.0.jar;C:\Users\i\Desktop\multi_work\kafka\libs\connect-transforms-2.7.0.jar;C:\Users\i\Desktop\multi_work\kafka\libs\hk2-api-2.6.1.jar;C:\Users\i\Desktop\multi_work\kafka\libs\hk2-locator-2.6.1.jar;C:\Users\i\Desktop\multi_work\kafka\libs\hk2-utils-2.6.1.jar;C:\Users\i\Desktop\multi_work\kafka\libs\jackson-annotations-2.10.5.jar;C:\Users\i\Desktop\multi_work\kafka\libs\jackson-core-2.10.5.jar;C:\Users\i\Desktop\multi_work\kafka\libs\jackson-databind-2.10.5.1.jar;C:\Users\i\Desktop\multi_work\kafka\libs\jackson-dataformat-csv-2.10.5.jar;C:\Users\i\Desktop\multi_work\kafka\libs\jackson-datatype-jdk8-2.10.5.jar;C:\Users\i\Desktop\multi_work\kafka\libs\jackson-jaxrs-base-2.10.5.jar;C:\Users\i\Desktop\multi_work\kafka\libs\jackson-jaxrs-json-provider-2.10.5.jar;C:\Users\i\Desktop\multi_work\kafka\libs\jackson-module-jaxb-annotations-2.10.5.jar;C:\Users\i\Desktop\multi_work\kafka\libs\jackson-module-paranamer-2.10.5.jar;C:\Users\i\Desktop\multi_work\kafka\libs\jackson-module-scala_2.12-2.10.5.jar;C:\Users\i\Desktop\multi_work\kafka\libs\jakarta.activation-api-1.2.1.jar;C:\Users\i\Desktop\multi_work\kafka\libs\jakarta.annotation-api-1.3.5.jar;C:\Users\i\Desktop\multi_work\kafka\libs\jakarta.inject-2.6.1.jar;C:\Users\i\Desktop\multi_work\kafka\libs\jakarta.validation-api-2.0.2.jar;C:\Users\i\Desktop\multi_work\kafka\libs\jakarta.ws.rs-api-2.1.6.jar;C:\Users\i\Desktop\multi_work\kafka\libs\jakarta.xml.bind-api-2.3.2.jar;C:\Users\i\Desktop\multi_work\kafka\libs\javassist-3.25.0-GA.jar;C:\Users\i\Desktop\multi_work\kafka\libs\javassist-3.26.0-GA.jar;C:\Users\i\Desktop\multi_work\kafka\libs\javax.servlet-api-3.1.0.jar;C:\Users\i\Desktop\multi_work\kafka\libs\javax.ws.rs-api-2.1.1.jar;C:\Users\i\Desktop\multi_work\kafka\libs\jaxb-api-2.3.0.jar;C:\Users\i\Desktop\multi_work\kafka\libs\jersey-client-2.31.jar;C:\Users\i\Desktop\multi_work\kafka\libs\jersey-common-2.31.jar;C:\Users\i\Desktop\multi_work\kafka\libs\jersey-container-servlet-2.31.jar;C:\Users\i\Desktop\multi_work\kafka\libs\jersey-container-servlet-core-2.31.jar;C:\Users\i\Desktop\multi_work\kafka\libs\jersey-hk2-2.31.jar;C:\Users\i\Desktop\multi_work\kafka\libs\jersey-media-jaxb-2.31.jar;C:\Users\i\Desktop\multi_work\kafka\libs\jersey-server-2.31.jar;C:\Users\i\Desktop\multi_work\kafka\libs\jetty-client-9.4.33.v20201020.jar;C:\Users\i\Desktop\multi_work\kafka\libs\jetty-continuation-9.4.33.v20201020.jar;C:\Users\i\Desktop\multi_work\kafka\libs\jetty-http-9.4.33.v20201020.jar;C:\Users\i\Desktop\multi_work\kafka\libs\jetty-io-9.4.33.v20201020.jar;C:\Users\i\Desktop\multi_work\kafka\libs\jetty-security-9.4.33.v20201020.jar;C:\Users\i\Desktop\multi_work\kafka\libs\jetty-server-9.4.33.v20201020.jar;C:\Users\i\Desktop\multi_work\kafka\libs\jetty-servlet-9.4.33.v20201020.jar;C:\Users\i\Desktop\multi_work\kafka\libs\jetty-servlets-9.4.33.v20201020.jar;C:\Users\i\Desktop\multi_work\kafka\libs\jetty-util-9.4.33.v20201020.jar;C:\Users\i\Desktop\multi_work\kafka\libs\jopt-simple-5.0.4.jar;C:\Users\i\Desktop\multi_work\kafka\libs\kafka-clients-2.7.0.jar;C:\Users\i\Desktop\multi_work\kafka\libs\kafka-log4j-appender-2.7.0.jar;C:\Users\i\Desktop\multi_work\kafka\libs\kafka-raft-2.7.0.jar;C:\Users\i\Desktop\multi_work\kafka\libs\kafka-streams-2.7.0.jar;C:\Users\i\Desktop\multi_work\kafka\libs\kafka-streams-examples-2.7.0.jar;C:\Users\i\Desktop\multi_work\kafka\libs\kafka-streams-scala_2.12-2.7.0.jar;C:\Users\i\Desktop\multi_work\kafka\libs\kafka-streams-test-utils-2.7.0.jar;C:\Users\i\Desktop\multi_work\kafka\libs\kafka-tools-2.7.0.jar;C:\Users\i\Desktop\multi_work\kafka\libs\kafka_2.12-2.7.0-javadoc.jar;C:\Users\i\Desktop\multi_work\kafka\libs\kafka_2.12-2.7.0-javadoc.jar.asc;C:\Users\i\Desktop\multi_work\kafka\libs\kafka_2.12-2.7.0-sources.jar;C:\Users\i\Desktop\multi_work\kafka\libs\kafka_2.12-2.7.0-sources.jar.asc;C:\Users\i\Desktop\multi_work\kafka\libs\kafka_2.12-2.7.0-test-sources.jar;C:\Users\i\Desktop\multi_work\kafka\libs\kafka_2.12-2.7.0-test-sources.jar.asc;C:\Users\i\Desktop\multi_work\kafka\libs\kafka_2.12-2.7.0-test.jar;C:\Users\i\Desktop\multi_work\kafka\libs\kafka_2.12-2.7.0-test.jar.asc;C:\Users\i\Desktop\multi_work\kafka\libs\kafka_2.12-2.7.0.jar;C:\Users\i\Desktop\multi_work\kafka\libs\kafka_2.12-2.7.0.jar.asc;C:\Users\i\Desktop\multi_work\kafka\libs\log4j-1.2.17.jar;C:\Users\i\Desktop\multi_work\kafka\libs\lz4-java-1.7.1.jar;C:\Users\i\Desktop\multi_work\kafka\libs\maven-artifact-3.6.3.jar;C:\Users\i\Desktop\multi_work\kafka\libs\metrics-core-2.2.0.jar;C:\Users\i\Desktop\multi_work\kafka\libs\netty-buffer-4.1.51.Final.jar;C:\Users\i\Desktop\multi_work\kafka\libs\netty-codec-4.1.51.Final.jar;C:\Users\i\Desktop\multi_work\kafka\libs\netty-common-4.1.51.Final.jar;C:\Users\i\Desktop\multi_work\kafka\libs\netty-handler-4.1.51.Final.jar;C:\Users\i\Desktop\multi_work\kafka\libs\netty-resolver-4.1.51.Final.jar;C:\Users\i\Desktop\multi_work\kafka\libs\netty-transport-4.1.51.Final.jar;C:\Users\i\Desktop\multi_work\kafka\libs\netty-transport-native-epoll-4.1.51.Final.jar;C:\Users\i\Desktop\multi_work\kafka\libs\netty-transport-native-unix-common-4.1.51.Final.jar;C:\Users\i\Desktop\multi_work\kafka\libs\osgi-resource-locator-1.0.3.jar;C:\Users\i\Desktop\multi_work\kafka\libs\paranamer-2.8.jar;C:\Users\i\Desktop\multi_work\kafka\libs\plexus-utils-3.2.1.jar;C:\Users\i\Desktop\multi_work\kafka\libs\reflections-0.9.12.jar;C:\Users\i\Desktop\multi_work\kafka\libs\rocksdbjni-5.18.4.jar;C:\Users\i\Desktop\multi_work\kafka\libs\scala-collection-compat_2.12-2.2.0.jar;C:\Users\i\Desktop\multi_work\kafka\libs\scala-java8-compat_2.12-0.9.1.jar;C:\Users\i\Desktop\multi_work\kafka\libs\scala-library-2.12.12.jar;C:\Users\i\Desktop\multi_work\kafka\libs\scala-logging_2.12-3.9.2.jar;C:\Users\i\Desktop\multi_work\kafka\libs\scala-reflect-2.12.12.jar;C:\Users\i\Desktop\multi_work\kafka\libs\slf4j-api-1.7.30.jar;C:\Users\i\Desktop\multi_work\kafka\libs\slf4j-log4j12-1.7.30.jar;C:\Users\i\Desktop\multi_work\kafka\libs\snappy-java-1.1.7.7.jar;C:\Users\i\Desktop\multi_work\kafka\libs\zookeeper-3.5.8.jar;C:\Users\i\Desktop\multi_work\kafka\libs\zookeeper-jute-3.5.8.jar;C:\Users\i\Desktop\multi_work\kafka\libs\zstd-jni-1.4.5-6.jar (org.apache.zookeeper.server.ZooKeeperServer)
[2021-04-06 11:53:38,215] INFO Server environment:java.library.path=C:\Program Files\Java\jdk-11.0.10\bin;C:\Windows\Sun\Java\bin;C:\Windows\system32;C:\Windows;C:\Program Files\Common Files\Oracle\Java\javapath;C:\Windows\system32;C:\Windows;C:\Windows\System32\Wbem;C:\Windows\System32\WindowsPowerShell\v1.0\;C:\Windows\System32\OpenSSH\;C:\Program Files\Git\cmd;C:\Program Files (x86)\Bitvise SSH Client;C:\Program Files (x86)\NetSarang\Xshell 7\;C:\Users\i\AppData\Local\Microsoft\WindowsApps;C:\Users\i\AppData\Local\Programs\Microsoft VS Code\bin;C:\Program Files\Bandizip\;C:\Program Files\Java\jdk-11.0.10\bin;C:\Users\i\Desktop\multi_work\kafka\bin;. (org.apache.zookeeper.server.ZooKeeperServer)
[2021-04-06 11:53:38,215] INFO Server environment:java.io.tmpdir=C:\Users\i\AppData\Local\Temp\ (org.apache.zookeeper.server.ZooKeeperServer)
[2021-04-06 11:53:38,216] INFO Server environment:java.compiler=<NA> (org.apache.zookeeper.server.ZooKeeperServer)
[2021-04-06 11:53:38,216] INFO Server environment:os.name=Windows 10 (org.apache.zookeeper.server.ZooKeeperServer)
[2021-04-06 11:53:38,216] INFO Server environment:os.arch=amd64 (org.apache.zookeeper.server.ZooKeeperServer)
[2021-04-06 11:53:38,216] INFO Server environment:os.version=10.0 (org.apache.zookeeper.server.ZooKeeperServer)
[2021-04-06 11:53:38,216] INFO Server environment:user.name=i (org.apache.zookeeper.server.ZooKeeperServer)
[2021-04-06 11:53:38,216] INFO Server environment:user.home=C:\Users\i (org.apache.zookeeper.server.ZooKeeperServer)
[2021-04-06 11:53:38,216] INFO Server environment:user.dir=C:\Users\i\Desktop\multi_work\kafka (org.apache.zookeeper.server.ZooKeeperServer)
[2021-04-06 11:53:38,217] INFO Server environment:os.memory.free=493MB (org.apache.zookeeper.server.ZooKeeperServer)
[2021-04-06 11:53:38,217] INFO Server environment:os.memory.max=512MB (org.apache.zookeeper.server.ZooKeeperServer)
[2021-04-06 11:53:38,217] INFO Server environment:os.memory.total=512MB (org.apache.zookeeper.server.ZooKeeperServer)
[2021-04-06 11:53:38,218] INFO minSessionTimeout set to 6000 (org.apache.zookeeper.server.ZooKeeperServer)
[2021-04-06 11:53:38,219] INFO maxSessionTimeout set to 60000 (org.apache.zookeeper.server.ZooKeeperServer)
[2021-04-06 11:53:38,219] INFO Created server with tickTime 3000 minSessionTimeout 6000 maxSessionTimeout 60000 datadir \tmp\zookeeper\version-2 snapdir \tmp\zookeeper\version-2 (org.apache.zookeeper.server.ZooKeeperServer)
[2021-04-06 11:53:38,236] INFO Using org.apache.zookeeper.server.NIOServerCnxnFactory as server connection factory (org.apache.zookeeper.server.ServerCnxnFactory)
[2021-04-06 11:53:38,240] INFO Configuring NIO connection handler with 10s sessionless connection timeout, 2 selector thread(s), 16 worker threads, and 64 kB direct buffers. (org.apache.zookeeper.server.NIOServerCnxnFactory)
[2021-04-06 11:53:38,243] INFO binding to port 0.0.0.0/0.0.0.0:2181 (org.apache.zookeeper.server.NIOServerCnxnFactory)
[2021-04-06 11:53:38,258] INFO zookeeper.snapshotSizeFactor = 0.33 (org.apache.zookeeper.server.ZKDatabase)
[2021-04-06 11:53:38,260] INFO Reading snapshot \tmp\zookeeper\version-2\snapshot.30 (org.apache.zookeeper.server.persistence.FileSnap)
[2021-04-06 11:53:38,289] INFO Snapshotting: 0xb7 to \tmp\zookeeper\version-2\snapshot.b7 (org.apache.zookeeper.server.persistence.FileTxnSnapLog)
[2021-04-06 11:53:38,312] INFO Using checkIntervalMs=60000 maxPerMinute=10000 (org.apache.zookeeper.server.ContainerManager)
[2021-04-06 11:53:57,883] INFO Expiring session 0x10014630f140000, timeout of 18000ms exceeded (org.apache.zookeeper.server.ZooKeeperServer)
[2021-04-06 11:53:57,885] INFO Creating new log file: log.b8 (org.apache.zookeeper.server.persistence.FileTxnLog)
